<?xml version="1.0" encoding="UTF-8"?>
<testsuite xmlns:xsi="http://www.w3.org/2001/XMLSchema-instance" xsi:noNamespaceSchemaLocation="https://maven.apache.org/surefire/maven-surefire-plugin/xsd/surefire-test-report-3.0.xsd" version="3.0" name="com.example.booksdf.BooksDfApplicationTests" time="4.123" tests="1" errors="0" skipped="0" failures="0">
  <properties>
[...]
</properties>
  <testcase name="contextLoads" classname="com.example.booksdf.BooksDfApplicationTests" time="1.297">
    <system-out><![CDATA[13:17:26.028 [main] INFO org.springframework.test.context.support.AnnotationConfigContextLoaderUtils -- Could not detect default configuration classes for test class [com.example.booksdf.BooksDfApplicationTests]: BooksDfApplicationTests does not declare any static, non-private, non-final, nested classes annotated with @Configuration.
13:17:26.133 [main] INFO org.springframework.boot.test.context.SpringBootTestContextBootstrapper -- Found @SpringBootConfiguration com.example.booksdf.BooksDfApplication for test class com.example.booksdf.BooksDfApplicationTests
13:17:26.406 [main] INFO org.springframework.boot.devtools.restart.RestartApplicationListener -- Restart disabled due to context in which it is running
  .   ____          _            __ _ _
 /\\ / ___'_ __ _ _(_)_ __  __ _ \ \ \ \
( ( )\___ | '_ | '_| | '_ \/ _` | \ \ \ \
 \\/  ___)| |_)| | | | | || (_| |  ) ) ) )
  '  |____| .__|_| |_|_| |_\__, | / / / /
 =========|_|==============|___/=/_/_/_/

 :: Spring Boot ::                (v3.3.0)

2024-06-18T13:17:26.715+02:00  INFO 12728 --- [BooksDF] [           main] c.e.booksdf.BooksDfApplicationTests      : Starting BooksDfApplicationTests using Java 17.0.11 with PID 12728 (started by Dawid in C:\Users\Dawid\Desktop\JazProjekt\BooksDF)
2024-06-18T13:17:26.717+02:00  INFO 12728 --- [BooksDF] [           main] c.e.booksdf.BooksDfApplicationTests      : No active profile set, falling back to 1 default profile: "default"
2024-06-18T13:17:27.712+02:00  WARN 12728 --- [BooksDF] [           main] trationDelegate$BeanPostProcessorChecker : Bean 'org.springframework.ws.config.annotation.DelegatingWsConfiguration' of type [org.springframework.ws.config.annotation.DelegatingWsConfiguration$$SpringCGLIB$$0] is not eligible for getting processed by all BeanPostProcessors (for example: not eligible for auto-proxying). The currently created BeanPostProcessor [annotationActionEndpointMapping] is declared through a non-static factory method on that class; consider declaring it as static instead.
2024-06-18T13:17:27.755+02:00  INFO 12728 --- [BooksDF] [           main] .w.s.a.s.AnnotationActionEndpointMapping : Supporting [WS-Addressing August 2004, WS-Addressing 1.0]
2024-06-18T13:17:28.644+02:00  INFO 12728 --- [BooksDF] [           main] c.e.booksdf.BooksDfApplicationTests      : Started BooksDfApplicationTests in 2.264 seconds (process running for 3.436)
]]></system-out>
  </testcase>
</testsuite>